Determining if the pthread_create exist failed with the following output:
Change Dir: /home/xucong/GridSearch/build/CMakeFiles/CMakeTmp

Run Build Command:"/usr/bin/make" "cmTC_3db5e/fast"
/usr/bin/make -f CMakeFiles/cmTC_3db5e.dir/build.make CMakeFiles/cmTC_3db5e.dir/build
make[1]: Entering directory '/home/xucong/GridSearch/build/CMakeFiles/CMakeTmp'
Building C object CMakeFiles/cmTC_3db5e.dir/CheckSymbolExists.c.o
/usr/bin/cc     -o CMakeFiles/cmTC_3db5e.dir/CheckSymbolExists.c.o   -c /home/xucong/GridSearch/build/CMakeFiles/CMakeTmp/CheckSymbolExists.c
Linking C executable cmTC_3db5e
/usr/bin/cmake -E cmake_link_script CMakeFiles/cmTC_3db5e.dir/link.txt --verbose=1
/usr/bin/cc       CMakeFiles/cmTC_3db5e.dir/CheckSymbolExists.c.o  -o cmTC_3db5e -rdynamic 
CMakeFiles/cmTC_3db5e.dir/CheckSymbolExists.c.o：在函数‘main’中：
CheckSymbolExists.c:(.text+0x16)：对‘pthread_create’未定义的引用
collect2: error: ld returned 1 exit status
CMakeFiles/cmTC_3db5e.dir/build.make:97: recipe for target 'cmTC_3db5e' failed
make[1]: *** [cmTC_3db5e] Error 1
make[1]: Leaving directory '/home/xucong/GridSearch/build/CMakeFiles/CMakeTmp'
Makefile:126: recipe for target 'cmTC_3db5e/fast' failed
make: *** [cmTC_3db5e/fast] Error 2

File /home/xucong/GridSearch/build/CMakeFiles/CMakeTmp/CheckSymbolExists.c:
/* */
#include <pthread.h>

int main(int argc, char** argv)
{
  (void)argv;
#ifndef pthread_create
  return ((int*)(&pthread_create))[argc];
#else
  (void)argc;
  return 0;
#endif
}

Determining if the function pthread_create exists in the pthreads failed with the following output:
Change Dir: /home/xucong/GridSearch/build/CMakeFiles/CMakeTmp

Run Build Command:"/usr/bin/make" "cmTC_1d063/fast"
/usr/bin/make -f CMakeFiles/cmTC_1d063.dir/build.make CMakeFiles/cmTC_1d063.dir/build
make[1]: Entering directory '/home/xucong/GridSearch/build/CMakeFiles/CMakeTmp'
Building C object CMakeFiles/cmTC_1d063.dir/CheckFunctionExists.c.o
/usr/bin/cc    -DCHECK_FUNCTION_EXISTS=pthread_create   -o CMakeFiles/cmTC_1d063.dir/CheckFunctionExists.c.o   -c /usr/share/cmake-3.5/Modules/CheckFunctionExists.c
Linking C executable cmTC_1d063
/usr/bin/cmake -E cmake_link_script CMakeFiles/cmTC_1d063.dir/link.txt --verbose=1
/usr/bin/cc   -DCHECK_FUNCTION_EXISTS=pthread_create    CMakeFiles/cmTC_1d063.dir/CheckFunctionExists.c.o  -o cmTC_1d063 -rdynamic -lpthreads 
/usr/bin/ld: 找不到 -lpthreads
collect2: error: ld returned 1 exit status
CMakeFiles/cmTC_1d063.dir/build.make:97: recipe for target 'cmTC_1d063' failed
make[1]: *** [cmTC_1d063] Error 1
make[1]: Leaving directory '/home/xucong/GridSearch/build/CMakeFiles/CMakeTmp'
Makefile:126: recipe for target 'cmTC_1d063/fast' failed
make: *** [cmTC_1d063/fast] Error 2


